<?xml version="1.0" encoding="UTF-8"?>
<coverage generated="1748209939874" clover="3.2.0">
  <project timestamp="1748209939874" name="All files">
    <metrics statements="33" coveredstatements="31" conditionals="19" coveredconditionals="11" methods="11" coveredmethods="8" elements="63" coveredelements="50" complexity="0" loc="33" ncloc="33" packages="4" files="6" classes="6"/>
    <package name="app.(tabs).(home)">
      <metrics statements="17" coveredstatements="16" conditionals="4" coveredconditionals="2" methods="7" coveredmethods="5"/>
      <file name="index.tsx" path="C:\Users\Milton\Documents\DEV272\Dev272-YourFirstApp\app\(tabs)\(home)\index.tsx">
        <metrics statements="17" coveredstatements="16" conditionals="4" coveredconditionals="2" methods="7" coveredmethods="5"/>
        <line num="18" count="6" type="stmt"/>
        <line num="19" count="6" type="stmt"/>
        <line num="20" count="6" type="stmt"/>
        <line num="21" count="6" type="stmt"/>
        <line num="23" count="6" type="stmt"/>
        <line num="24" count="6" type="stmt"/>
        <line num="25" count="6" type="stmt"/>
        <line num="27" count="6" type="stmt"/>
        <line num="28" count="3" type="cond" truecount="1" falsecount="1"/>
        <line num="30" count="3" type="stmt"/>
        <line num="31" count="9" type="stmt"/>
        <line num="33" count="3" type="stmt"/>
        <line num="36" count="6" type="stmt"/>
        <line num="58" count="0" type="stmt"/>
        <line num="63" count="19" type="stmt"/>
        <line num="65" count="16" type="stmt"/>
        <line num="72" count="1" type="stmt"/>
      </file>
    </package>
    <package name="components">
      <metrics statements="10" coveredstatements="9" conditionals="11" coveredconditionals="6" methods="3" coveredmethods="2"/>
      <file name="Card.tsx" path="C:\Users\Milton\Documents\DEV272\Dev272-YourFirstApp\components\Card.tsx">
        <metrics statements="7" coveredstatements="6" conditionals="0" coveredconditionals="0" methods="2" coveredmethods="1"/>
        <line num="13" count="1" type="stmt"/>
        <line num="14" count="16" type="stmt"/>
        <line num="15" count="16" type="stmt"/>
        <line num="16" count="16" type="stmt"/>
        <line num="18" count="16" type="stmt"/>
        <line num="24" count="0" type="stmt"/>
        <line num="31" count="1" type="stmt"/>
      </file>
      <file name="ThemedText.tsx" path="C:\Users\Milton\Documents\DEV272\Dev272-YourFirstApp\components\ThemedText.tsx">
        <metrics statements="3" coveredstatements="3" conditionals="11" coveredconditionals="6" methods="1" coveredmethods="1"/>
        <line num="18" count="1" type="stmt"/>
        <line num="20" count="1" type="stmt"/>
        <line num="36" count="1" type="stmt"/>
      </file>
    </package>
    <package name="constants">
      <metrics statements="3" coveredstatements="3" conditionals="0" coveredconditionals="0" methods="0" coveredmethods="0"/>
      <file name="Colors.ts" path="C:\Users\Milton\Documents\DEV272\Dev272-YourFirstApp\constants\Colors.ts">
        <metrics statements="3" coveredstatements="3" conditionals="0" coveredconditionals="0" methods="0" coveredmethods="0"/>
        <line num="3" count="1" type="stmt"/>
        <line num="4" count="1" type="stmt"/>
        <line num="7" count="1" type="stmt"/>
      </file>
    </package>
    <package name="hooks">
      <metrics statements="3" coveredstatements="3" conditionals="4" coveredconditionals="3" methods="1" coveredmethods="1"/>
      <file name="useColorScheme.ts" path="C:\Users\Milton\Documents\DEV272\Dev272-YourFirstApp\hooks\useColorScheme.ts">
        <metrics statements="0" coveredstatements="0" conditionals="0" coveredconditionals="0" methods="0" coveredmethods="0"/>
      </file>
      <file name="useThemeColor.ts" path="C:\Users\Milton\Documents\DEV272\Dev272-YourFirstApp\hooks\useThemeColor.ts">
        <metrics statements="3" coveredstatements="3" conditionals="4" coveredconditionals="3" methods="1" coveredmethods="1"/>
        <line num="11" count="1" type="cond" truecount="1" falsecount="1"/>
        <line num="12" count="1" type="stmt"/>
        <line num="14" count="1" type="cond" truecount="2" falsecount="0"/>
      </file>
    </package>
  </project>
</coverage>
