{"C:\\Users\\Milton\\Documents\\DEV272\\Dev272-YourFirstApp\\app\\(tabs)\\(home)\\index.tsx": {"path":"C:\\Users\\Milton\\Documents\\DEV272\\Dev272-YourFirstApp\\app\\(tabs)\\(home)\\index.tsx","statementMap":{"0":{"start":{"line":18,"column":30},"end":{"line":18,"column":42}},"1":{"start":{"line":19,"column":20},"end":{"line":19,"column":30}},"2":{"start":{"line":20,"column":44},"end":{"line":20,"column":59}},"3":{"start":{"line":21,"column":17},"end":{"line":21,"column":28}},"4":{"start":{"line":23,"column":26},"end":{"line":23,"column":57}},"5":{"start":{"line":24,"column":20},"end":{"line":24,"column":45}},"6":{"start":{"line":25,"column":22},"end":{"line":25,"column":47}},"7":{"start":{"line":27,"column":2},"end":{"line":34,"column":22}},"8":{"start":{"line":28,"column":4},"end":{"line":28,"column":23}},"9":{"start":{"line":28,"column":16},"end":{"line":28,"column":23}},"10":{"start":{"line":30,"column":21},"end":{"line":32,"column":5}},"11":{"start":{"line":31,"column":6},"end":{"line":31,"column":61}},"12":{"start":{"line":33,"column":4},"end":{"line":33,"column":31}},"13":{"start":{"line":36,"column":2},"end":{"line":69,"column":4}},"14":{"start":{"line":58,"column":23},"end":{"line":58,"column":56}},"15":{"start":{"line":63,"column":32},"end":{"line":63,"column":50}},"16":{"start":{"line":65,"column":10},"end":{"line":65,"column":73}},"17":{"start":{"line":72,"column":15},"end":{"line":88,"column":2}}},"fnMap":{"0":{"name":"HomeScreen","decl":{"start":{"line":17,"column":24},"end":{"line":17,"column":34}},"loc":{"start":{"line":17,"column":37},"end":{"line":70,"column":1}},"line":17},"1":{"name":"(anonymous_1)","decl":{"start":{"line":27,"column":12},"end":{"line":27,"column":13}},"loc":{"start":{"line":27,"column":18},"end":{"line":34,"column":3}},"line":27},"2":{"name":"(anonymous_2)","decl":{"start":{"line":30,"column":34},"end":{"line":30,"column":35}},"loc":{"start":{"line":31,"column":6},"end":{"line":31,"column":61}},"line":31},"3":{"name":"(anonymous_3)","decl":{"start":{"line":55,"column":38},"end":{"line":55,"column":39}},"loc":{"start":{"line":55,"column":44},"end":{"line":55,"column":46}},"line":55},"4":{"name":"(anonymous_4)","decl":{"start":{"line":58,"column":17},"end":{"line":58,"column":18}},"loc":{"start":{"line":58,"column":23},"end":{"line":58,"column":56}},"line":58},"5":{"name":"(anonymous_5)","decl":{"start":{"line":63,"column":22},"end":{"line":63,"column":23}},"loc":{"start":{"line":63,"column":32},"end":{"line":63,"column":50}},"line":63},"6":{"name":"(anonymous_6)","decl":{"start":{"line":64,"column":20},"end":{"line":64,"column":21}},"loc":{"start":{"line":65,"column":10},"end":{"line":65,"column":73}},"line":65}},"branchMap":{"0":{"loc":{"start":{"line":28,"column":4},"end":{"line":28,"column":23}},"type":"if","locations":[{"start":{"line":28,"column":4},"end":{"line":28,"column":23}},{"start":{},"end":{}}],"line":28},"1":{"loc":{"start":{"line":46,"column":29},"end":{"line":46,"column":76}},"type":"cond-expr","locations":[{"start":{"line":46,"column":61},"end":{"line":46,"column":67}},{"start":{"line":46,"column":70},"end":{"line":46,"column":76}}],"line":46}},"s":{"0":6,"1":6,"2":6,"3":6,"4":6,"5":6,"6":6,"7":6,"8":3,"9":0,"10":3,"11":9,"12":3,"13":6,"14":0,"15":19,"16":16,"17":1},"f":{"0":6,"1":3,"2":9,"3":0,"4":0,"5":19,"6":16},"b":{"0":[0,3],"1":[0,6]},"_coverageSchema":"1a1c01bbd47fc00a2c39e90264f33305004495a9","hash":"46d560e28f0a280e412257abaf0c4cabacfb9fe7"}
,"C:\\Users\\Milton\\Documents\\DEV272\\Dev272-YourFirstApp\\components\\Card.tsx": {"path":"C:\\Users\\Milton\\Documents\\DEV272\\Dev272-YourFirstApp\\components\\Card.tsx","statementMap":{"0":{"start":{"line":13,"column":34},"end":{"line":29,"column":1}},"1":{"start":{"line":14,"column":17},"end":{"line":14,"column":28}},"2":{"start":{"line":15,"column":20},"end":{"line":15,"column":45}},"3":{"start":{"line":16,"column":22},"end":{"line":16,"column":47}},"4":{"start":{"line":18,"column":2},"end":{"line":28,"column":4}},"5":{"start":{"line":24,"column":10},"end":{"line":24,"column":74}},"6":{"start":{"line":31,"column":15},"end":{"line":42,"column":2}}},"fnMap":{"0":{"name":"(anonymous_0)","decl":{"start":{"line":13,"column":34},"end":{"line":13,"column":35}},"loc":{"start":{"line":13,"column":53},"end":{"line":29,"column":1}},"line":13},"1":{"name":"(anonymous_1)","decl":{"start":{"line":23,"column":17},"end":{"line":23,"column":18}},"loc":{"start":{"line":24,"column":10},"end":{"line":24,"column":74}},"line":24}},"branchMap":{},"s":{"0":1,"1":16,"2":16,"3":16,"4":16,"5":0,"6":1},"f":{"0":16,"1":0},"b":{},"_coverageSchema":"1a1c01bbd47fc00a2c39e90264f33305004495a9","hash":"f04fe58711fc96cfee97497e986c8bd9c5604748"}
,"C:\\Users\\Milton\\Documents\\DEV272\\Dev272-YourFirstApp\\components\\ThemedText.tsx": {"path":"C:\\Users\\Milton\\Documents\\DEV272\\Dev272-YourFirstApp\\components\\ThemedText.tsx","statementMap":{"0":{"start":{"line":18,"column":16},"end":{"line":18,"column":77}},"1":{"start":{"line":20,"column":2},"end":{"line":33,"column":4}},"2":{"start":{"line":36,"column":15},"end":{"line":60,"column":2}}},"fnMap":{"0":{"name":"ThemedText","decl":{"start":{"line":11,"column":16},"end":{"line":11,"column":26}},"loc":{"start":{"line":17,"column":20},"end":{"line":34,"column":1}},"line":17}},"branchMap":{"0":{"loc":{"start":{"line":15,"column":2},"end":{"line":15,"column":18}},"type":"default-arg","locations":[{"start":{"line":15,"column":9},"end":{"line":15,"column":18}}],"line":15},"1":{"loc":{"start":{"line":24,"column":8},"end":{"line":24,"column":55}},"type":"cond-expr","locations":[{"start":{"line":24,"column":29},"end":{"line":24,"column":43}},{"start":{"line":24,"column":46},"end":{"line":24,"column":55}}],"line":24},"2":{"loc":{"start":{"line":25,"column":8},"end":{"line":25,"column":51}},"type":"cond-expr","locations":[{"start":{"line":25,"column":27},"end":{"line":25,"column":39}},{"start":{"line":25,"column":42},"end":{"line":25,"column":51}}],"line":25},"3":{"loc":{"start":{"line":26,"column":8},"end":{"line":26,"column":71}},"type":"cond-expr","locations":[{"start":{"line":26,"column":37},"end":{"line":26,"column":59}},{"start":{"line":26,"column":62},"end":{"line":26,"column":71}}],"line":26},"4":{"loc":{"start":{"line":27,"column":8},"end":{"line":27,"column":57}},"type":"cond-expr","locations":[{"start":{"line":27,"column":30},"end":{"line":27,"column":45}},{"start":{"line":27,"column":48},"end":{"line":27,"column":57}}],"line":27},"5":{"loc":{"start":{"line":28,"column":8},"end":{"line":28,"column":49}},"type":"cond-expr","locations":[{"start":{"line":28,"column":26},"end":{"line":28,"column":37}},{"start":{"line":28,"column":40},"end":{"line":28,"column":49}}],"line":28}},"s":{"0":1,"1":1,"2":1},"f":{"0":1},"b":{"0":[1],"1":[1,0],"2":[0,1],"3":[0,1],"4":[0,1],"5":[0,1]},"_coverageSchema":"1a1c01bbd47fc00a2c39e90264f33305004495a9","hash":"e238b24d435c8a9074a9c414514a68503e4a80ab"}
,"C:\\Users\\Milton\\Documents\\DEV272\\Dev272-YourFirstApp\\constants\\Colors.ts": {"path":"C:\\Users\\Milton\\Documents\\DEV272\\Dev272-YourFirstApp\\constants\\Colors.ts","statementMap":{"0":{"start":{"line":3,"column":23},"end":{"line":3,"column":32}},"1":{"start":{"line":4,"column":22},"end":{"line":4,"column":28}},"2":{"start":{"line":7,"column":22},"end":{"line":24,"column":1}}},"fnMap":{},"branchMap":{},"s":{"0":1,"1":1,"2":1},"f":{},"b":{},"_coverageSchema":"1a1c01bbd47fc00a2c39e90264f33305004495a9","hash":"b10cfe12285581711e5fd1a10bba3578aa516a34"}
,"C:\\Users\\Milton\\Documents\\DEV272\\Dev272-YourFirstApp\\hooks\\useColorScheme.ts": {"path":"C:\\Users\\Milton\\Documents\\DEV272\\Dev272-YourFirstApp\\hooks\\useColorScheme.ts","statementMap":{},"fnMap":{},"branchMap":{},"s":{},"f":{},"b":{},"_coverageSchema":"1a1c01bbd47fc00a2c39e90264f33305004495a9","hash":"4a041bd16630c86d8af21b7fe0b00fbeaa24dcee"}
,"C:\\Users\\Milton\\Documents\\DEV272\\Dev272-YourFirstApp\\hooks\\useThemeColor.ts": {"path":"C:\\Users\\Milton\\Documents\\DEV272\\Dev272-YourFirstApp\\hooks\\useThemeColor.ts","statementMap":{"0":{"start":{"line":11,"column":16},"end":{"line":11,"column":43}},"1":{"start":{"line":12,"column":25},"end":{"line":12,"column":37}},"2":{"start":{"line":14,"column":2},"end":{"line":14,"column":52}}},"fnMap":{"0":{"name":"useThemeColor","decl":{"start":{"line":7,"column":16},"end":{"line":7,"column":29}},"loc":{"start":{"line":10,"column":2},"end":{"line":15,"column":1}},"line":10}},"branchMap":{"0":{"loc":{"start":{"line":11,"column":16},"end":{"line":11,"column":43}},"type":"binary-expr","locations":[{"start":{"line":11,"column":16},"end":{"line":11,"column":32}},{"start":{"line":11,"column":36},"end":{"line":11,"column":43}}],"line":11},"1":{"loc":{"start":{"line":14,"column":9},"end":{"line":14,"column":51}},"type":"binary-expr","locations":[{"start":{"line":14,"column":9},"end":{"line":14,"column":23}},{"start":{"line":14,"column":27},"end":{"line":14,"column":51}}],"line":14}},"s":{"0":1,"1":1,"2":1},"f":{"0":1},"b":{"0":[1,0],"1":[1,1]},"_coverageSchema":"1a1c01bbd47fc00a2c39e90264f33305004495a9","hash":"e649a06329f203cfffb0d84e3a73db6347deb7a8"}
}
