TN:
SF:app\(tabs)\(home)\index.tsx
FN:17,HomeScreen
FN:27,(anonymous_1)
FN:30,(anonymous_2)
FN:55,(anonymous_3)
FN:58,(anonymous_4)
FN:63,(anonymous_5)
FN:64,(anonymous_6)
FNF:7
FNH:5
FNDA:6,HomeScreen
FNDA:3,(anonymous_1)
FNDA:9,(anonymous_2)
FNDA:0,(anonymous_3)
FNDA:0,(anonymous_4)
FNDA:19,(anonymous_5)
FNDA:16,(anonymous_6)
DA:18,6
DA:19,6
DA:20,6
DA:21,6
DA:23,6
DA:24,6
DA:25,6
DA:27,6
DA:28,3
DA:30,3
DA:31,9
DA:33,3
DA:36,6
DA:58,0
DA:63,19
DA:65,16
DA:72,1
LF:17
LH:16
BRDA:28,0,0,0
BRDA:28,0,1,3
BRDA:46,1,0,0
BRDA:46,1,1,6
BRF:4
BRH:2
end_of_record
TN:
SF:components\Card.tsx
FN:13,(anonymous_0)
FN:23,(anonymous_1)
FNF:2
FNH:1
FNDA:16,(anonymous_0)
FNDA:0,(anonymous_1)
DA:13,1
DA:14,16
DA:15,16
DA:16,16
DA:18,16
DA:24,0
DA:31,1
LF:7
LH:6
BRF:0
BRH:0
end_of_record
TN:
SF:components\ThemedText.tsx
FN:11,ThemedText
FNF:1
FNH:1
FNDA:1,ThemedText
DA:18,1
DA:20,1
DA:36,1
LF:3
LH:3
BRDA:15,0,0,1
BRDA:24,1,0,1
BRDA:24,1,1,0
BRDA:25,2,0,0
BRDA:25,2,1,1
BRDA:26,3,0,0
BRDA:26,3,1,1
BRDA:27,4,0,0
BRDA:27,4,1,1
BRDA:28,5,0,0
BRDA:28,5,1,1
BRF:11
BRH:6
end_of_record
TN:
SF:constants\Colors.ts
FNF:0
FNH:0
DA:3,1
DA:4,1
DA:7,1
LF:3
LH:3
BRF:0
BRH:0
end_of_record
TN:
SF:hooks\useColorScheme.ts
FNF:0
FNH:0
LF:0
LH:0
BRF:0
BRH:0
end_of_record
TN:
SF:hooks\useThemeColor.ts
FN:7,useThemeColor
FNF:1
FNH:1
FNDA:1,useThemeColor
DA:11,1
DA:12,1
DA:14,1
LF:3
LH:3
BRDA:11,0,0,1
BRDA:11,0,1,0
BRDA:14,1,0,1
BRDA:14,1,1,1
BRF:4
BRH:3
end_of_record
